fclient/app/build/intermediates/manifest_merge_blame_file/debug/processDebugMainManifest/manifest-merger-blame-debug-report.txt
1<?xml version="1.0" encoding="utf-8"?>
2<manifest xmlns:android="http://schemas.android.com/apk/res/android"
3    package="ru.iu3.fclient"
4    android:versionCode="1"
5    android:versionName="1.0" >
6
7    <uses-sdk
8        android:minSdkVersion="21"
9        android:targetSdkVersion="34" />
10
11    <uses-permission android:name="android.permission.INTERNET" />
11-->src/main/AndroidManifest.xml:5:5-66
11-->src/main/AndroidManifest.xml:5:22-64
12    <uses-permission android:name="android.permission.ACCESS_COARSE_LOCATION" />
12-->[com.google.android.libraries.places:places:3.4.0] AndroidManifest.xml:9:5-81
12-->[com.google.android.libraries.places:places:3.4.0] AndroidManifest.xml:9:22-78
13    <uses-permission android:name="android.permission.ACCESS_FINE_LOCATION" />
13-->[com.google.android.libraries.places:places:3.4.0] AndroidManifest.xml:10:5-79
13-->[com.google.android.libraries.places:places:3.4.0] AndroidManifest.xml:10:22-76
14    <uses-permission android:name="android.permission.ACCESS_WIFI_STATE" /> <!-- Include required permissions for Google Maps API to run. -->
14-->[com.google.android.libraries.places:places:3.4.0] AndroidManifest.xml:11:5-76
14-->[com.google.android.libraries.places:places:3.4.0] AndroidManifest.xml:11:22-73
15    <uses-permission android:name="android.permission.ACCESS_NETWORK_STATE" />
15-->[com.google.android.gms:play-services-maps:17.0.0] AndroidManifest.xml:23:5-79
15-->[com.google.android.gms:play-services-maps:17.0.0] AndroidManifest.xml:23:22-76
16
17    <uses-feature
17-->[com.google.android.gms:play-services-maps:17.0.0] AndroidManifest.xml:26:5-28:35
18        android:glEsVersion="0x00020000"
18-->[com.google.android.gms:play-services-maps:17.0.0] AndroidManifest.xml:27:9-41
19        android:required="true" />
19-->[com.google.android.gms:play-services-maps:17.0.0] AndroidManifest.xml:28:9-32
20
21    <permission
21-->[androidx.core:core:1.9.0] AndroidManifest.xml:22:5-24:47
22        android:name="ru.iu3.fclient.DYNAMIC_RECEIVER_NOT_EXPORTED_PERMISSION"
22-->[androidx.core:core:1.9.0] AndroidManifest.xml:23:9-81
23        android:protectionLevel="signature" />
23-->[androidx.core:core:1.9.0] AndroidManifest.xml:24:9-44
24
25    <uses-permission android:name="ru.iu3.fclient.DYNAMIC_RECEIVER_NOT_EXPORTED_PERMISSION" />
25-->[androidx.core:core:1.9.0] AndroidManifest.xml:26:5-97
25-->[androidx.core:core:1.9.0] AndroidManifest.xml:26:22-94
26
27    <application
27-->src/main/AndroidManifest.xml:6:5-29:19
28        android:allowBackup="true"
28-->src/main/AndroidManifest.xml:7:9-35
29        android:appComponentFactory="androidx.core.app.CoreComponentFactory"
29-->[androidx.core:core:1.9.0] AndroidManifest.xml:28:18-86
30        android:dataExtractionRules="@xml/data_extraction_rules"
30-->src/main/AndroidManifest.xml:8:9-65
31        android:debuggable="true"
32        android:extractNativeLibs="true"
33        android:fullBackupContent="@xml/backup_rules"
33-->src/main/AndroidManifest.xml:9:9-54
34        android:icon="@mipmap/ic_launcher"
34-->src/main/AndroidManifest.xml:10:9-43
35        android:label="@string/app_name"
35-->src/main/AndroidManifest.xml:11:9-41
36        android:roundIcon="@mipmap/ic_launcher_round"
36-->src/main/AndroidManifest.xml:12:9-54
37        android:supportsRtl="true"
37-->src/main/AndroidManifest.xml:13:9-35
38        android:testOnly="true"
39        android:theme="@style/Theme.Fclient"
39-->src/main/AndroidManifest.xml:14:9-45
40        android:usesCleartextTraffic="true" >
40-->src/main/AndroidManifest.xml:16:9-44
41        <activity
41-->src/main/AndroidManifest.xml:17:9-19:40
42            android:name="ru.iu3.fclient.PinpadActivity"
42-->src/main/AndroidManifest.xml:18:13-43
43            android:exported="false" />
43-->src/main/AndroidManifest.xml:19:13-37
44        <activity
44-->src/main/AndroidManifest.xml:20:9-28:20
45            android:name="ru.iu3.fclient.MainActivity"
45-->src/main/AndroidManifest.xml:21:13-41
46            android:exported="true" >
46-->src/main/AndroidManifest.xml:22:13-36
47            <intent-filter>
47-->src/main/AndroidManifest.xml:23:13-27:29
48                <action android:name="android.intent.action.MAIN" />
48-->src/main/AndroidManifest.xml:24:17-69
48-->src/main/AndroidManifest.xml:24:25-66
49
50                <category android:name="android.intent.category.LAUNCHER" />
50-->src/main/AndroidManifest.xml:26:17-77
50-->src/main/AndroidManifest.xml:26:27-74
51            </intent-filter>
52        </activity>
53        <activity
53-->[com.google.android.libraries.places:places:3.4.0] AndroidManifest.xml:15:9-21:20
54            android:name="com.google.android.libraries.places.widget.AutocompleteActivity"
54-->[com.google.android.libraries.places:places:3.4.0] AndroidManifest.xml:16:13-91
55            android:exported="false"
55-->[com.google.android.libraries.places:places:3.4.0] AndroidManifest.xml:17:13-37
56            android:label="@string/places_autocomplete_label"
56-->[com.google.android.libraries.places:places:3.4.0] AndroidManifest.xml:18:13-62
57            android:theme="@style/PlacesAutocompleteOverlay"
57-->[com.google.android.libraries.places:places:3.4.0] AndroidManifest.xml:19:13-61
58            android:windowSoftInputMode="adjustResize" >
58-->[com.google.android.libraries.places:places:3.4.0] AndroidManifest.xml:20:13-55
59        </activity> <!-- Needs to be explicitly declared on P+ -->
60        <uses-library
60-->[com.google.android.gms:play-services-maps:17.0.0] AndroidManifest.xml:33:9-35:40
61            android:name="org.apache.http.legacy"
61-->[com.google.android.gms:play-services-maps:17.0.0] AndroidManifest.xml:34:13-50
62            android:required="false" />
62-->[com.google.android.gms:play-services-maps:17.0.0] AndroidManifest.xml:35:13-37
63
64        <activity
64-->[com.google.android.gms:play-services-base:18.3.0] AndroidManifest.xml:20:9-22:45
65            android:name="com.google.android.gms.common.api.GoogleApiActivity"
65-->[com.google.android.gms:play-services-base:18.3.0] AndroidManifest.xml:20:19-85
66            android:exported="false"
66-->[com.google.android.gms:play-services-base:18.3.0] AndroidManifest.xml:22:19-43
67            android:theme="@android:style/Theme.Translucent.NoTitleBar" />
67-->[com.google.android.gms:play-services-base:18.3.0] AndroidManifest.xml:21:19-78
68
69        <meta-data
69-->[com.google.android.gms:play-services-basement:18.3.0] AndroidManifest.xml:21:9-23:69
70            android:name="com.google.android.gms.version"
70-->[com.google.android.gms:play-services-basement:18.3.0] AndroidManifest.xml:22:13-58
71            android:value="@integer/google_play_services_version" />
71-->[com.google.android.gms:play-services-basement:18.3.0] AndroidManifest.xml:23:13-66
72
73        <provider
73-->[androidx.emoji2:emoji2:1.2.0] AndroidManifest.xml:24:9-32:20
74            android:name="androidx.startup.InitializationProvider"
74-->[androidx.emoji2:emoji2:1.2.0] AndroidManifest.xml:25:13-67
75            android:authorities="ru.iu3.fclient.androidx-startup"
75-->[androidx.emoji2:emoji2:1.2.0] AndroidManifest.xml:26:13-68
76            android:exported="false" >
76-->[androidx.emoji2:emoji2:1.2.0] AndroidManifest.xml:27:13-37
77            <meta-data
77-->[androidx.emoji2:emoji2:1.2.0] AndroidManifest.xml:29:13-31:52
78                android:name="androidx.emoji2.text.EmojiCompatInitializer"
78-->[androidx.emoji2:emoji2:1.2.0] AndroidManifest.xml:30:17-75
79                android:value="androidx.startup" />
79-->[androidx.emoji2:emoji2:1.2.0] AndroidManifest.xml:31:17-49
80            <meta-data
80-->[androidx.lifecycle:lifecycle-process:2.6.1] AndroidManifest.xml:29:13-31:52
81                android:name="androidx.lifecycle.ProcessLifecycleInitializer"
81-->[androidx.lifecycle:lifecycle-process:2.6.1] AndroidManifest.xml:30:17-78
82                android:value="androidx.startup" />
82-->[androidx.lifecycle:lifecycle-process:2.6.1] AndroidManifest.xml:31:17-49
83            <meta-data
83-->[androidx.profileinstaller:profileinstaller:1.3.0] AndroidManifest.xml:29:13-31:52
84                android:name="androidx.profileinstaller.ProfileInstallerInitializer"
84-->[androidx.profileinstaller:profileinstaller:1.3.0] AndroidManifest.xml:30:17-85
85                android:value="androidx.startup" />
85-->[androidx.profileinstaller:profileinstaller:1.3.0] AndroidManifest.xml:31:17-49
86        </provider>
87
88        <receiver
88-->[androidx.profileinstaller:profileinstaller:1.3.0] AndroidManifest.xml:34:9-52:20
89            android:name="androidx.profileinstaller.ProfileInstallReceiver"
89-->[androidx.profileinstaller:profileinstaller:1.3.0] AndroidManifest.xml:35:13-76
90            android:directBootAware="false"
90-->[androidx.profileinstaller:profileinstaller:1.3.0] AndroidManifest.xml:36:13-44
91            android:enabled="true"
91-->[androidx.profileinstaller:profileinstaller:1.3.0] AndroidManifest.xml:37:13-35
92            android:exported="true"
92-->[androidx.profileinstaller:profileinstaller:1.3.0] AndroidManifest.xml:38:13-36
93            android:permission="android.permission.DUMP" >
93-->[androidx.profileinstaller:profileinstaller:1.3.0] AndroidManifest.xml:39:13-57
94            <intent-filter>
94-->[androidx.profileinstaller:profileinstaller:1.3.0] AndroidManifest.xml:40:13-42:29
95                <action android:name="androidx.profileinstaller.action.INSTALL_PROFILE" />
95-->[androidx.profileinstaller:profileinstaller:1.3.0] AndroidManifest.xml:41:17-91
95-->[androidx.profileinstaller:profileinstaller:1.3.0] AndroidManifest.xml:41:25-88
96            </intent-filter>
97            <intent-filter>
97-->[androidx.profileinstaller:profileinstaller:1.3.0] AndroidManifest.xml:43:13-45:29
98                <action android:name="androidx.profileinstaller.action.SKIP_FILE" />
98-->[androidx.profileinstaller:profileinstaller:1.3.0] AndroidManifest.xml:44:17-85
98-->[androidx.profileinstaller:profileinstaller:1.3.0] AndroidManifest.xml:44:25-82
99            </intent-filter>
100            <intent-filter>
100-->[androidx.profileinstaller:profileinstaller:1.3.0] AndroidManifest.xml:46:13-48:29
101                <action android:name="androidx.profileinstaller.action.SAVE_PROFILE" />
101-->[androidx.profileinstaller:profileinstaller:1.3.0] AndroidManifest.xml:47:17-88
101-->[androidx.profileinstaller:profileinstaller:1.3.0] AndroidManifest.xml:47:25-85
102            </intent-filter>
103            <intent-filter>
103-->[androidx.profileinstaller:profileinstaller:1.3.0] AndroidManifest.xml:49:13-51:29
104                <action android:name="androidx.profileinstaller.action.BENCHMARK_OPERATION" />
104-->[androidx.profileinstaller:profileinstaller:1.3.0] AndroidManifest.xml:50:17-95
104-->[androidx.profileinstaller:profileinstaller:1.3.0] AndroidManifest.xml:50:25-92
105            </intent-filter>
106        </receiver>
107
108        <service
108-->[com.google.android.datatransport:transport-backend-cct:3.2.0] AndroidManifest.xml:26:9-32:19
109            android:name="com.google.android.datatransport.runtime.backends.TransportBackendDiscovery"
109-->[com.google.android.datatransport:transport-backend-cct:3.2.0] AndroidManifest.xml:27:13-103
110            android:exported="false" >
110-->[com.google.android.datatransport:transport-backend-cct:3.2.0] AndroidManifest.xml:28:13-37
111            <meta-data
111-->[com.google.android.datatransport:transport-backend-cct:3.2.0] AndroidManifest.xml:29:13-31:39
112                android:name="backend:com.google.android.datatransport.cct.CctBackendFactory"
112-->[com.google.android.datatransport:transport-backend-cct:3.2.0] AndroidManifest.xml:30:17-94
113                android:value="cct" />
113-->[com.google.android.datatransport:transport-backend-cct:3.2.0] AndroidManifest.xml:31:17-36
114        </service>
115        <service
115-->[com.google.android.datatransport:transport-runtime:3.2.0] AndroidManifest.xml:24:9-28:19
116            android:name="com.google.android.datatransport.runtime.scheduling.jobscheduling.JobInfoSchedulerService"
116-->[com.google.android.datatransport:transport-runtime:3.2.0] AndroidManifest.xml:25:13-117
117            android:exported="false"
117-->[com.google.android.datatransport:transport-runtime:3.2.0] AndroidManifest.xml:26:13-37
118            android:permission="android.permission.BIND_JOB_SERVICE" >
118-->[com.google.android.datatransport:transport-runtime:3.2.0] AndroidManifest.xml:27:13-69
119        </service>
120
121        <receiver
121-->[com.google.android.datatransport:transport-runtime:3.2.0] AndroidManifest.xml:30:9-32:40
122            android:name="com.google.android.datatransport.runtime.scheduling.jobscheduling.AlarmManagerSchedulerBroadcastReceiver"
122-->[com.google.android.datatransport:transport-runtime:3.2.0] AndroidManifest.xml:31:13-132
123            android:exported="false" />
123-->[com.google.android.datatransport:transport-runtime:3.2.0] AndroidManifest.xml:32:13-37
124    </application>
125
126</manifest>